<?xml version="1.0" encoding="UTF-8"?>
<!-- Generated by org.testng.reporters.JUnitReportReporter -->
<testsuite hostname="Anuhya" name="testrunners.EmployeeRegTest" tests="1" failures="0" timestamp="8 Aug 2022 02:56:48 GMT" time="9.212" errors="0">
  <testcase name="feature" time="9.212" classname="testrunners.EmployeeRegTest"/>
</testsuite> <!-- testrunners.EmployeeRegTest -->
