<?xml version="1.0" encoding="UTF-8"?>
<!-- Generated by org.testng.reporters.JUnitReportReporter -->
<testsuite skipped="0" hostname="Anuhya" name="testrunners.AdminLoginTest" tests="1" failures="0" timestamp="08 Aug 2022 12:33:00 GMT" time="18.114" errors="0">
  <testcase name="feature" time="18.114" classname="testrunners.AdminLoginTest"/>
</testsuite> <!-- testrunners.AdminLoginTest -->
